build/app/intermediates/manifest_merge_blame_file/debug/manifest-merger-blame-debug-report.txt
1<?xml version="1.0" encoding="utf-8"?>
2<manifest xmlns:android="http://schemas.android.com/apk/res/android"
3    package="com.collectpay"
4    android:versionCode="1"
5    android:versionName="1.0.0" >
6
7    <uses-sdk
8        android:minSdkVersion="24"
9        android:targetSdkVersion="30" />
10    <!--
11         Flutter needs it to communicate with the running application
12         to allow setting breakpoints, to provide hot reload, etc.
13    -->
14    <uses-permission android:name="android.permission.INTERNET" />
14-->src/main/AndroidManifest.xml:7:5-67
14-->src/main/AndroidManifest.xml:7:22-64
15    <uses-permission android:name="android.permission.READ_CONTACTS" />
15-->src/main/AndroidManifest.xml:3:5-72
15-->src/main/AndroidManifest.xml:3:22-69
16    <uses-permission android:name="android.permission.WRITE_CONTACTS" />
16-->src/main/AndroidManifest.xml:4:5-73
16-->src/main/AndroidManifest.xml:4:22-70
17    <uses-permission android:name="android.permission.ACCESS_FINE_LOCATION" />
17-->src/main/AndroidManifest.xml:5:5-79
17-->src/main/AndroidManifest.xml:5:22-76
18    <uses-permission android:name="android.permission.ACCESS_COARSE_LOCATION" />
18-->src/main/AndroidManifest.xml:6:5-81
18-->src/main/AndroidManifest.xml:6:22-78
19    <uses-permission android:name="android.permission.ACCESS_BACKGROUND_LOCATION" />
19-->src/main/AndroidManifest.xml:8:5-85
19-->src/main/AndroidManifest.xml:8:22-82
20    <uses-permission android:name="android.permission.READ_EXTERNAL_STORAGE" />
20-->src/main/AndroidManifest.xml:9:5-80
20-->src/main/AndroidManifest.xml:9:22-77
21    <uses-permission android:name="android.permission.WRITE_EXTERNAL_STORAGE" />
21-->src/main/AndroidManifest.xml:10:5-81
21-->src/main/AndroidManifest.xml:10:22-78
22    <uses-permission android:name="android.permission.FOREGROUND_SERVICE" />
22-->[:geolocator_android] AndroidManifest.xml:7:5-77
22-->[:geolocator_android] AndroidManifest.xml:7:22-74
23    <uses-permission android:name="android.permission.CAMERA" />
23-->[:qrscan] AndroidManifest.xml:7:5-65
23-->[:qrscan] AndroidManifest.xml:7:22-62
24    <uses-permission android:name="android.permission.VIBRATE" />
24-->[:qrscan] AndroidManifest.xml:8:5-66
24-->[:qrscan] AndroidManifest.xml:8:22-63
25    <uses-permission android:name="android.permission.FLASHLIGHT" />
25-->[:qrscan] AndroidManifest.xml:9:5-69
25-->[:qrscan] AndroidManifest.xml:9:22-66
26
27    <uses-feature android:name="android.hardware.camera" />
27-->[:qrscan] AndroidManifest.xml:11:5-60
27-->[:qrscan] AndroidManifest.xml:11:19-57
28    <uses-feature android:name="android.hardware.camera.autofocus" />
28-->[:qrscan] AndroidManifest.xml:12:5-70
28-->[:qrscan] AndroidManifest.xml:12:19-67
29
30    <uses-permission android:name="android.permission.WAKE_LOCK" />
30-->[:qrscan] AndroidManifest.xml:14:5-68
30-->[:qrscan] AndroidManifest.xml:14:22-65
31    <uses-permission android:name="android.permission.ACCESS_NETWORK_STATE" />
31-->[:connectivity] AndroidManifest.xml:7:5-79
31-->[:connectivity] AndroidManifest.xml:7:22-76
32
33    <queries>
33-->[:contacts_service] AndroidManifest.xml:11:5-24:15
34        <intent>
34-->[:contacts_service] AndroidManifest.xml:12:9-14:18
35            <action android:name="android.accounts.AccountAuthenticator" />
35-->[:contacts_service] AndroidManifest.xml:13:13-76
35-->[:contacts_service] AndroidManifest.xml:13:21-73
36        </intent>
37        <!-- Allows the app to load an icon corresponding to the custom MIME type. -->
38        <intent>
38-->[:contacts_service] AndroidManifest.xml:16:9-23:18
39            <action android:name="android.intent.action.VIEW" />
39-->[:contacts_service] AndroidManifest.xml:17:13-65
39-->[:contacts_service] AndroidManifest.xml:17:21-62
40
41            <data
41-->[:contacts_service] AndroidManifest.xml:19:13-22:44
42                android:host="com.android.contacts"
42-->[:contacts_service] AndroidManifest.xml:20:17-52
43                android:mimeType="vnd.android.cursor.item/*"
43-->[:contacts_service] AndroidManifest.xml:21:17-61
44                android:scheme="content" />
44-->[:contacts_service] AndroidManifest.xml:22:17-41
45        </intent>
46    </queries>
47
48    <uses-feature
48-->[com.google.android.gms:play-services-maps:17.0.0] AndroidManifest.xml:26:5-28:35
49        android:glEsVersion="0x00020000"
49-->[com.google.android.gms:play-services-maps:17.0.0] AndroidManifest.xml:27:9-41
50        android:required="true" />
50-->[com.google.android.gms:play-services-maps:17.0.0] AndroidManifest.xml:28:9-32
51
52    <application
52-->src/main/AndroidManifest.xml:11:4-52:19
53        android:allowBackup="true"
53-->[:qrscan] AndroidManifest.xml:20:9-35
54        android:appComponentFactory="androidx.core.app.CoreComponentFactory"
54-->[androidx.core:core:1.6.0] AndroidManifest.xml:24:18-86
55        android:configChanges="orientation|keyboardHidden"
55-->[:qrscan] AndroidManifest.xml:21:9-59
56        android:debuggable="true"
57        android:extractNativeLibs="false"
58        android:icon="@mipmap/ic_launcher"
58-->src/main/AndroidManifest.xml:13:9-43
59        android:label="collectpay"
59-->src/main/AndroidManifest.xml:12:9-35
60        android:screenOrientation="portrait"
60-->[:qrscan] AndroidManifest.xml:23:9-45
61        android:supportsRtl="true"
61-->[:qrscan] AndroidManifest.xml:24:9-35
62        android:theme="@style/Theme.AppCompat.NoActionBar"
62-->[:qrscan] AndroidManifest.xml:25:9-59
63        android:windowSoftInputMode="stateAlwaysHidden" >
63-->[:qrscan] AndroidManifest.xml:26:9-56
64        <activity
64-->src/main/AndroidManifest.xml:15:9-43:20
65            android:name="com.collectpay.MainActivity"
65-->src/main/AndroidManifest.xml:16:13-41
66            android:configChanges="orientation|keyboardHidden|keyboard|screenSize|smallestScreenSize|locale|layoutDirection|fontScale|screenLayout|density|uiMode"
66-->src/main/AndroidManifest.xml:19:13-163
67            android:hardwareAccelerated="true"
67-->src/main/AndroidManifest.xml:20:13-47
68            android:launchMode="singleTop"
68-->src/main/AndroidManifest.xml:17:13-43
69            android:theme="@style/LaunchTheme"
69-->src/main/AndroidManifest.xml:18:13-47
70            android:windowSoftInputMode="adjustResize" >
70-->src/main/AndroidManifest.xml:21:13-55
71
72            <!--
73                 Specifies an Android theme to apply to this Activity as soon as
74                 the Android process has started. This theme is visible to the user
75                 while the Flutter UI initializes. After that, this theme continues
76                 to determine the Window background behind the Flutter UI.
77            -->
78            <meta-data
78-->src/main/AndroidManifest.xml:26:13-29:17
79                android:name="io.flutter.embedding.android.NormalTheme"
79-->src/main/AndroidManifest.xml:27:15-70
80                android:resource="@style/NormalTheme" />
80-->src/main/AndroidManifest.xml:28:15-52
81            <!--
82                 Displays an Android View that continues showing the launch screen
83                 Drawable until Flutter paints its first frame, then this splash
84                 screen fades out. A splash screen is useful to avoid any visual
85                 gap between the end of Android's launch screen and the painting of
86                 Flutter's first frame.
87            -->
88            <meta-data
88-->src/main/AndroidManifest.xml:35:13-38:17
89                android:name="io.flutter.embedding.android.SplashScreenDrawable"
89-->src/main/AndroidManifest.xml:36:15-79
90                android:resource="@drawable/launch_background" />
90-->src/main/AndroidManifest.xml:37:15-61
91
92            <intent-filter>
92-->src/main/AndroidManifest.xml:39:13-42:29
93                <action android:name="android.intent.action.MAIN" />
93-->src/main/AndroidManifest.xml:40:17-68
93-->src/main/AndroidManifest.xml:40:25-66
94
95                <category android:name="android.intent.category.LAUNCHER" />
95-->src/main/AndroidManifest.xml:41:17-76
95-->src/main/AndroidManifest.xml:41:27-74
96            </intent-filter>
97        </activity>
98        <!--
99             Don't delete the meta-data below.
100             This is used by the Flutter tool to generate GeneratedPluginRegistrant.java
101        -->
102        <meta-data
102-->src/main/AndroidManifest.xml:46:9-48:33
103            android:name="flutterEmbedding"
103-->src/main/AndroidManifest.xml:47:13-44
104            android:value="2" />
104-->src/main/AndroidManifest.xml:48:13-30
105        <meta-data
105-->src/main/AndroidManifest.xml:50:8-51:69
106            android:name="com.google.android.geo.API_KEY"
106-->src/main/AndroidManifest.xml:50:19-64
107            android:value="AIzaSyC0jcAwcv4NVhG6o1nZlqNIdNl6iH7Yy-w" />
107-->src/main/AndroidManifest.xml:51:12-67
108
109        <service
109-->[:geolocator_android] AndroidManifest.xml:10:9-14:56
110            android:name="com.baseflow.geolocator.GeolocatorLocationService"
110-->[:geolocator_android] AndroidManifest.xml:11:13-77
111            android:enabled="true"
111-->[:geolocator_android] AndroidManifest.xml:12:13-35
112            android:exported="false"
112-->[:geolocator_android] AndroidManifest.xml:13:13-37
113            android:foregroundServiceType="location" />
113-->[:geolocator_android] AndroidManifest.xml:14:13-53
114
115        <provider
115-->[:image_picker] AndroidManifest.xml:8:9-16:20
116            android:name="io.flutter.plugins.imagepicker.ImagePickerFileProvider"
116-->[:image_picker] AndroidManifest.xml:9:13-82
117            android:authorities="com.collectpay.flutter.image_provider"
117-->[:image_picker] AndroidManifest.xml:10:13-74
118            android:exported="false"
118-->[:image_picker] AndroidManifest.xml:11:13-37
119            android:grantUriPermissions="true" >
119-->[:image_picker] AndroidManifest.xml:12:13-47
120            <meta-data
120-->[:image_picker] AndroidManifest.xml:13:13-15:75
121                android:name="android.support.FILE_PROVIDER_PATHS"
121-->[:image_picker] AndroidManifest.xml:14:17-67
122                android:resource="@xml/flutter_image_picker_file_paths" />
122-->[:image_picker] AndroidManifest.xml:15:17-72
123        </provider>
124
125        <activity android:name="com.shinow.qrscan.SecondActivity" />
125-->[:qrscan] AndroidManifest.xml:27:9-69
125-->[:qrscan] AndroidManifest.xml:27:19-66
126
127        <provider
127-->[:share] AndroidManifest.xml:8:9-16:20
128            android:name="io.flutter.plugins.share.ShareFileProvider"
128-->[:share] AndroidManifest.xml:9:13-70
129            android:authorities="com.collectpay.flutter.share_provider"
129-->[:share] AndroidManifest.xml:10:13-74
130            android:exported="false"
130-->[:share] AndroidManifest.xml:11:13-37
131            android:grantUriPermissions="true" >
131-->[:share] AndroidManifest.xml:12:13-47
132            <meta-data
132-->[:image_picker] AndroidManifest.xml:13:13-15:75
133                android:name="android.support.FILE_PROVIDER_PATHS"
133-->[:image_picker] AndroidManifest.xml:14:17-67
134                android:resource="@xml/flutter_share_file_paths" />
134-->[:image_picker] AndroidManifest.xml:15:17-72
135        </provider>
136
137        <uses-library
137-->[androidx.window:window:1.0.0-beta04] AndroidManifest.xml:25:9-27:40
138            android:name="androidx.window.extensions"
138-->[androidx.window:window:1.0.0-beta04] AndroidManifest.xml:26:13-54
139            android:required="false" />
139-->[androidx.window:window:1.0.0-beta04] AndroidManifest.xml:27:13-37
140        <uses-library
140-->[androidx.window:window:1.0.0-beta04] AndroidManifest.xml:28:9-30:40
141            android:name="androidx.window.sidecar"
141-->[androidx.window:window:1.0.0-beta04] AndroidManifest.xml:29:13-51
142            android:required="false" />
142-->[androidx.window:window:1.0.0-beta04] AndroidManifest.xml:30:13-37
143
144        <activity
144-->[com.github.leyan95:android-zxingLibrary:0.1.2-PRE] AndroidManifest.xml:14:9-19:63
145            android:name="com.uuzuche.lib_zxing.activity.CaptureActivity"
145-->[com.github.leyan95:android-zxingLibrary:0.1.2-PRE] AndroidManifest.xml:15:13-74
146            android:configChanges="orientation|keyboardHidden"
146-->[com.github.leyan95:android-zxingLibrary:0.1.2-PRE] AndroidManifest.xml:16:13-63
147            android:screenOrientation="portrait"
147-->[com.github.leyan95:android-zxingLibrary:0.1.2-PRE] AndroidManifest.xml:17:13-49
148            android:theme="@style/Theme.AppCompat.NoActionBar"
148-->[com.github.leyan95:android-zxingLibrary:0.1.2-PRE] AndroidManifest.xml:18:13-63
149            android:windowSoftInputMode="stateAlwaysHidden" /> <!-- Needs to be explicitly declared on P+ -->
149-->[com.github.leyan95:android-zxingLibrary:0.1.2-PRE] AndroidManifest.xml:19:13-60
150        <uses-library
150-->[com.google.android.gms:play-services-maps:17.0.0] AndroidManifest.xml:33:9-35:40
151            android:name="org.apache.http.legacy"
151-->[com.google.android.gms:play-services-maps:17.0.0] AndroidManifest.xml:34:13-50
152            android:required="false" />
152-->[com.google.android.gms:play-services-maps:17.0.0] AndroidManifest.xml:35:13-37
153
154        <activity
154-->[com.google.android.gms:play-services-base:17.0.0] AndroidManifest.xml:23:9-26:75
155            android:name="com.google.android.gms.common.api.GoogleApiActivity"
155-->[com.google.android.gms:play-services-base:17.0.0] AndroidManifest.xml:24:13-79
156            android:exported="false"
156-->[com.google.android.gms:play-services-base:17.0.0] AndroidManifest.xml:25:13-37
157            android:theme="@android:style/Theme.Translucent.NoTitleBar" />
157-->[com.google.android.gms:play-services-base:17.0.0] AndroidManifest.xml:26:13-72
158
159        <meta-data
159-->[com.google.android.gms:play-services-basement:17.0.0] AndroidManifest.xml:23:9-25:69
160            android:name="com.google.android.gms.version"
160-->[com.google.android.gms:play-services-basement:17.0.0] AndroidManifest.xml:24:13-58
161            android:value="@integer/google_play_services_version" />
161-->[com.google.android.gms:play-services-basement:17.0.0] AndroidManifest.xml:25:13-66
162
163        <provider
163-->[com.squareup.picasso:picasso:2.71828] AndroidManifest.xml:8:9-11:40
164            android:name="com.squareup.picasso.PicassoProvider"
164-->[com.squareup.picasso:picasso:2.71828] AndroidManifest.xml:9:13-64
165            android:authorities="com.collectpay.com.squareup.picasso"
165-->[com.squareup.picasso:picasso:2.71828] AndroidManifest.xml:10:13-72
166            android:exported="false" />
166-->[com.squareup.picasso:picasso:2.71828] AndroidManifest.xml:11:13-37
167    </application>
168
169</manifest>